
[0m[2m[35m$[0m [2m[1mnext build[0m
[1m[38;2;173;127;168m▲ Next.js 16.1.1[39m[22m (Turbopack)
- Environments: .env.production, .env

[37m[1m [22m[39m Creating an optimized production build ...
Turbopack build encountered 2 warnings:
./packages/db/dist/generated/prisma/internal
Package [32m@prisma/client[39m can't be external
The request [32m@prisma/client/runtime/query_compiler_fast_bg.postgresql.mjs[39m matches [32mserverExternalPackages[39m (or the default list).
The package seems invalid. require() resolves to a EcmaScript module, which would result in an error in Node.js.


./packages/db/dist/generated/prisma/internal
Package [32m@prisma/client[39m can't be external
The request [32m@prisma/client/runtime/query_compiler_fast_bg.postgresql.wasm-base64.mjs[39m matches [32mserverExternalPackages[39m (or the default list).
The package seems invalid. require() resolves to a EcmaScript module, which would result in an error in Node.js.


[32m[1m✓[22m[39m Compiled successfully in 18.0s
[?25l[37m[1m [22m[39m Running TypeScript  [36m.[39m[2K[1G[37m[1m [22m[39m Running TypeScript  [36m..[39m[2K[1G[37m[1m [22m[39m Running TypeScript  [36m...[39m[2K[1G[37m[1m [22m[39m Running TypeScript  [36m.[39m[2K[1G[37m[1m [22m[39m Running TypeScript  [36m..[39m[2K[1G[37m[1m [22m[39m Running TypeScript  [36m...[39m[2K[1G[37m[1m [22m[39m Running TypeScript  [36m.[39m[2K[1G[37m[1m [22m[39m Running TypeScript  [36m..[39m[2K[1G[37m[1m [22m[39m Running TypeScript  [36m...[39m[2K[1G[37m[1m [22m[39m Running TypeScript  [36m.[39m[2K[1G[37m[1m [22m[39m Running TypeScript  [36m..[39m[2K[1G[37m[1m [22m[39m Running TypeScript  [36m...[39m[2K[1G[37m[1m [22m[39m Running TypeScript  [36m.[39m[2K[1G[37m[1m [22m[39m Running TypeScript  [36m..[39m[2K[1G[37m[1m [22m[39m Running TypeScript  [36m...[39m[2K[1G[37m[1m [22m[39m Running TypeScript  [36m.[39m[2K[1G[37m[1m [22m[39m Running TypeScript  [36m..[39m[2K[1G[37m[1m [22m[39m Running TypeScript  [36m...[39m[2K[1G[37m[1m [22m[39m Running TypeScript  [36m.[39m[2K[1G[37m[1m [22m[39m Running TypeScript  [36m..[39m[2K[1G[37m[1m [22m[39m Running TypeScript  [36m...[39m[2K[1G[37m[1m [22m[39m Running TypeScript  [36m.[39m[2K[1G[37m[1m [22m[39m Running TypeScript  [36m..[39m[2K[1G[37m[1m [22m[39m Running TypeScript  [36m...[39m[2K[1G[37m[1m [22m[39m Running TypeScript  [36m.[39m[2K[1G[37m[1m [22m[39m Running TypeScript  [36m..[39m[2K[1G[37m[1m [22m[39m Running TypeScript  [36m...[39m[2K[1G[37m[1m [22m[39m Running TypeScript  [36m.[39m[2K[1G[37m[1m [22m[39m Running TypeScript  [36m..[39m[2K[1G[37m[1m [22m[39m Running TypeScript  [36m...[39m[2K[1G[37m[1m [22m[39m Running TypeScript  [36m.[39m[2K[1G[37m[1m [22m[39m Running TypeScript  [36m..[39m[2K[1G[37m[1m [22m[39m Running TypeScript  [36m...[39m[2K[1G[37m[1m [22m[39m Running TypeScript  [36m.[39m[2K[1G[37m[1m [22m[39m Running TypeScript  [36m..[39m[2K[1G[37m[1m [22m[39m Running TypeScript  [36m...[39m[2K[1G[37m[1m [22m[39m Running TypeScript  [36m.[39m[2K[1G[37m[1m [22m[39m Running TypeScript  [36m..[39m[2K[1G[37m[1m [22m[39m Running TypeScript  [36m...[39m[2K[1G[37m[1m [22m[39m Running TypeScript  [36m.[39m[2K[1G[37m[1m [22m[39m Running TypeScript  [36m..[39m[2K[1G[37m[1m [22m[39m Running TypeScript  [36m...[39m[2K[1G[37m[1m [22m[39m Running TypeScript  [36m.[39m[2K[1G[?25h[?25l[37m[1m [22m[39m Finished TypeScript in 8.5s  [36m.[39m[2K[1G[?25h[37m[1m [22m[39m Finished TypeScript in 8.5s    [32m[1m✓[22m[39m Finished TypeScript in 8.5s 
[?25l[37m[1m [22m[39m Collecting page data using 7 workers  [36m.[39m[2K[1G[37m[1m [22m[39m Collecting page data using 7 workers  [36m..[39m[2K[1G[37m[1m [22m[39m Collecting page data using 7 workers  [36m...[39m[2K[1G[37m[1m [22m[39m Collecting page data using 7 workers  [36m.[39m[2K[1G[37m[1m [22m[39m Collecting page data using 7 workers  [36m..[39m[2K[1G[37m[1m [22m[39m Collecting page data using 7 workers  [36m...[39m[2K[1G[?25h[37m[1m [22m[39m Collecting page data using 7 workers in 1150.4ms    [32m[1m✓[22m[39m Collecting page data using 7 workers in 1150.4ms 
[?25l[37m[1m [22m[39m Generating static pages using 7 workers (0/9)  [36m[    ][39m[2K[1G[37m[1m [22m[39m Generating static pages using 7 workers (5/9)  [36m[=   ][39m[2K[1G[?25h[32m[1m✓[22m[39m Generating static pages using 7 workers (9/9) in 212.3ms
[?25l[37m[1m [22m[39m Finalizing page optimization  [36m.[39m[2K[1G[?25h[37m[1m [22m[39m Finalizing page optimization in 13.4ms    [32m[1m✓[22m[39m Finalizing page optimization in 13.4ms 

[4mRoute (app)[24m
┌ ƒ /
├ ƒ /_not-found
├ ƒ /api/channels
├ ƒ /api/channels/[channelId]
├ ƒ /api/direct-messages
├ ƒ /api/livekit
├ ƒ /api/members/[memberId]
├ ƒ /api/messages
├ ƒ /api/servers
├ ƒ /api/servers/[serverId]
├ ƒ /api/servers/[serverId]/delete
├ ƒ /api/servers/[serverId]/leave
├ ƒ /api/uploadthing
├ ○ /icon.png
├ ƒ /invite/[InviteCode]
├ ƒ /servers/[serverId]
├ ƒ /servers/[serverId]/channels/[channelId]
├ ƒ /servers/[serverId]/conversation/[conversationId]
├ ƒ /setup
├ ƒ /sign-in/[[...sign-in]]
└ ƒ /sign-up/[[...sign-up]]

[4mRoute (pages)[24m
┌ ƒ /api/socket/direct-messages
├ ƒ /api/socket/direct-messages/[directMessageId]
├ ƒ /api/socket/messages
└ ƒ /api/socket/messages/[messageId]

ƒ Proxy (Middleware)

○  (Static)   prerendered as static content
ƒ  (Dynamic)  server-rendered on demand

[?25h
